2020-07-13 16:34:08,940 [main] INFO  visa.SREIntern.init.AlertRelayApplication - Starting AlertRelayApplication on Jannies-MacBook-Pro.local with PID 21157 (/Users/janniezhong/IdeaProjects/spring-alert-relay/target/classes started by janniezhong in /Users/janniezhong/IdeaProjects/spring-alert-relay)
2020-07-13 16:34:08,947 [main] INFO  visa.SREIntern.init.AlertRelayApplication - No active profile set, falling back to default profiles: default
2020-07-13 16:34:09,967 [main] INFO  org.springframework.data.repository.config.RepositoryConfigurationDelegate - Bootstrapping Spring Data JPA repositories in DEFERRED mode.
2020-07-13 16:34:09,999 [main] INFO  org.springframework.data.repository.config.RepositoryConfigurationDelegate - Finished Spring Data repository scanning in 10ms. Found 0 JPA repository interfaces.
2020-07-13 16:34:10,631 [main] INFO  org.springframework.boot.web.embedded.tomcat.TomcatWebServer - Tomcat initialized with port(s): 8080 (http)
2020-07-13 16:34:10,640 [main] INFO  org.apache.coyote.http11.Http11NioProtocol - Initializing ProtocolHandler ["http-nio-8080"]
2020-07-13 16:34:10,640 [main] INFO  org.apache.catalina.core.StandardService - Starting service [Tomcat]
2020-07-13 16:34:10,641 [main] INFO  org.apache.catalina.core.StandardEngine - Starting Servlet engine: [Apache Tomcat/9.0.35]
2020-07-13 16:34:10,763 [main] INFO  org.apache.catalina.core.ContainerBase.[Tomcat].[localhost].[/] - Initializing Spring embedded WebApplicationContext
2020-07-13 16:34:10,764 [main] INFO  org.springframework.web.context.ContextLoader - Root WebApplicationContext: initialization completed in 1752 ms
2020-07-13 16:34:11,182 [main] INFO  org.springframework.scheduling.concurrent.ThreadPoolTaskExecutor - Initializing ExecutorService 'applicationTaskExecutor'
2020-07-13 16:34:11,202 [main] INFO  com.zaxxer.hikari.HikariDataSource - HikariPool-1 - Starting...
2020-07-13 16:34:11,614 [main] INFO  com.zaxxer.hikari.HikariDataSource - HikariPool-1 - Start completed.
2020-07-13 16:34:11,964 [task-1] INFO  org.hibernate.Version - HHH000412: Hibernate ORM core version 5.4.15.Final
2020-07-13 16:34:12,162 [task-1] INFO  org.hibernate.annotations.common.Version - HCANN000001: Hibernate Commons Annotations {5.1.0.Final}
2020-07-13 16:34:12,176 [main] WARN  org.springframework.boot.autoconfigure.orm.jpa.JpaBaseConfiguration$JpaWebConfiguration - spring.jpa.open-in-view is enabled by default. Therefore, database queries may be performed during view rendering. Explicitly configure spring.jpa.open-in-view to disable this warning
2020-07-13 16:34:12,329 [task-1] INFO  org.hibernate.dialect.Dialect - HHH000400: Using dialect: org.hibernate.dialect.H2Dialect
2020-07-13 16:34:12,694 [task-1] INFO  org.hibernate.engine.transaction.jta.platform.internal.JtaPlatformInitiator - HHH000490: Using JtaPlatform implementation: [org.hibernate.engine.transaction.jta.platform.internal.NoJtaPlatform]
2020-07-13 16:34:12,705 [task-1] INFO  org.springframework.orm.jpa.LocalContainerEntityManagerFactoryBean - Initialized JPA EntityManagerFactory for persistence unit 'default'
2020-07-13 16:34:12,795 [main] INFO  org.apache.coyote.http11.Http11NioProtocol - Starting ProtocolHandler ["http-nio-8080"]
2020-07-13 16:34:12,832 [main] INFO  org.springframework.boot.web.embedded.tomcat.TomcatWebServer - Tomcat started on port(s): 8080 (http) with context path ''
2020-07-13 16:34:12,834 [main] INFO  org.springframework.data.repository.config.DeferredRepositoryInitializationListener - Triggering deferred initialization of Spring Data repositories…
2020-07-13 16:34:12,834 [main] INFO  org.springframework.data.repository.config.DeferredRepositoryInitializationListener - Spring Data repositories initialized!
2020-07-13 16:34:12,864 [main] INFO  visa.SREIntern.init.AlertRelayApplication - Started AlertRelayApplication in 4.614 seconds (JVM running for 6.494)
2020-07-13 16:34:16,150 [http-nio-8080-exec-1] INFO  org.apache.catalina.core.ContainerBase.[Tomcat].[localhost].[/] - Initializing Spring DispatcherServlet 'dispatcherServlet'
2020-07-13 16:34:16,151 [http-nio-8080-exec-1] INFO  org.springframework.web.servlet.DispatcherServlet - Initializing Servlet 'dispatcherServlet'
2020-07-13 16:34:16,169 [http-nio-8080-exec-1] INFO  org.springframework.web.servlet.DispatcherServlet - Completed initialization in 18 ms
2020-07-13 16:34:16,274 [http-nio-8080-exec-1] INFO  visa.SREIntern.init.controllers.impl.RelayControllerImpl - Server request received. The JSON Object as a string: {"finished_at":15353804,"variables": {},"agent": null,"team_id":"16574402-355b-4095-9d7f-c8fc8e664f88","result": "fail","team_name": "Jacob Meyers","started_at":1.5738144E9, "agent_expired": null,"environment_uuid":"b8d96945-abdd-443d-9c6e-747e857570f9","environment_name": "Test Settings","test_run_url": "https://www.runscope.com/radar/25itiezty229/d98e3120-bc23-402b-b83a-969a47ac19b8/results/11616c81-70e1-4d69-9857-3a7a062252d0","test_run_id": "11616c81-70e1-4d69-9857-3a7a062252d0","bucket_key": "25itiezty229","region_name": "US Virginia - None","bucket_name": "Alert Jam","test_name": "Test Test ","test_id": "d98e3120-bc23-402b-b83a-969a47ac19b8","region": "us1","initial_variables": {},"test_url": "https://www.runscope.com/radar/25itiezty229/d98e3120-bc23-402b-b83a-969a47ac19b8","trigger_url": "https://api.runscope.com/radar/368b74a5-967a-4408-a93e-20957b573720/trigger","requests":[{"response_size_bytes": 196,"url": "https://yourapihere.com","variables": {"fail": 0,"total": 0,"pass": 0},"step_type": "request","note": "","result": "fail","response_status_code": "200","scripts": {"fail": 0,"total": 0,"pass": 0}, "method": "GET", "response_time_ms": 7,"assertions": {"fail": 1,"total": 1,"pass": 0}}]}
2020-07-13 16:34:16,276 [http-nio-8080-exec-1] INFO  visa.SREIntern.init.controllers.impl.RelayControllerImpl - JSONObject created successfully.
2020-07-13 16:34:16,279 [http-nio-8080-exec-1] INFO  visa.SREIntern.init.generators.IdGenerator - Unique id for alert generated: 5946832562790000
2020-07-13 16:34:16,280 [http-nio-8080-exec-1] INFO  visa.SREIntern.init.controllers.impl.RelayControllerImpl - Input object returned. Content: Input {alert_id=5946832562790000, category='null', component='null', priority='P1', alert_source='Runscope', alert_time=1970-01-18 21:10:14.4, alert_title='Test Test ', results_link='https://www.runscope.com/radar/25itiezty229/d98e3120-bc23-402b-b83a-969a47ac19b8/results/11616c81-70e1-4d69-9857-3a7a062252d0', error_count=1.0}
2020-07-13 16:34:16,940 [http-nio-8080-exec-1] INFO  visa.SREIntern.init.storage.InputJDBCTemplate - Database entry successful, with no errors. Input was: MapSqlParameterSource {v_alert_id=5946832562790000, v_category=category, v_component=component, v_priority=P1, v_source=Runscope, v_alert_time=1970-01-18 21:10:14.4, v_title=Test Test , v_link=https://www.runscope.com/radar/25itiezty229/d98e3120-bc23-402b-b83a-969a47ac19b8/results/11616c81-70e1-4d69-9857-3a7a062252d0, v_result_count=1.0}
2020-07-13 16:34:16,942 [http-nio-8080-exec-1] INFO  visa.SREIntern.init.controllers.impl.RelayControllerImpl - Server response: "<200 OK OK,Input success. Input {alert_id=5946832562790000, category='category', component='component', priority='P1', alert_source='Runscope', alert_time=1970-01-18 21:10:14.4, alert_title='Test Test ', results_link='https://www.runscope.com/radar/25itiezty229/d98e3120-bc23-402b-b83a-969a47ac19b8/results/11616c81-70e1-4d69-9857-3a7a062252d0', error_count=1.0}
,[]>"
2020-07-13 16:59:28,278 [HikariPool-1 housekeeper] WARN  com.zaxxer.hikari.pool.HikariPool - HikariPool-1 - Thread starvation or clock leap detected (housekeeper delta=9m46s277ms).
2020-07-13 17:04:11,470 [HikariPool-1 housekeeper] WARN  com.zaxxer.hikari.pool.HikariPool - HikariPool-1 - Thread starvation or clock leap detected (housekeeper delta=4m13s184ms).
2020-07-13 17:24:27,823 [HikariPool-1 housekeeper] WARN  com.zaxxer.hikari.pool.HikariPool - HikariPool-1 - Thread starvation or clock leap detected (housekeeper delta=9m46s250ms).
2020-07-13 17:27:43,669 [HikariPool-1 housekeeper] WARN  com.zaxxer.hikari.pool.HikariPool - HikariPool-1 - Thread starvation or clock leap detected (housekeeper delta=3m15s847ms).
2020-07-13 17:43:30,415 [HikariPool-1 housekeeper] WARN  com.zaxxer.hikari.pool.HikariPool - HikariPool-1 - Thread starvation or clock leap detected (housekeeper delta=5m16s628ms).
2020-07-13 18:03:46,840 [HikariPool-1 housekeeper] WARN  com.zaxxer.hikari.pool.HikariPool - HikariPool-1 - Thread starvation or clock leap detected (housekeeper delta=9m46s322ms).
2020-07-13 18:08:56,935 [SpringContextShutdownHook] INFO  org.springframework.orm.jpa.LocalContainerEntityManagerFactoryBean - Closing JPA EntityManagerFactory for persistence unit 'default'
2020-07-13 18:08:56,938 [SpringContextShutdownHook] INFO  org.hibernate.tool.schema.internal.SchemaDropperImpl$DelayedDropActionImpl - HHH000477: Starting delayed evictData of schema as part of SessionFactory shut-down'
2020-07-13 18:08:56,951 [SpringContextShutdownHook] INFO  org.springframework.scheduling.concurrent.ThreadPoolTaskExecutor - Shutting down ExecutorService 'applicationTaskExecutor'
2020-07-13 18:08:56,953 [SpringContextShutdownHook] INFO  com.zaxxer.hikari.HikariDataSource - HikariPool-1 - Shutdown initiated...
2020-07-13 18:08:56,959 [SpringContextShutdownHook] INFO  com.zaxxer.hikari.HikariDataSource - HikariPool-1 - Shutdown completed.
2020-07-14 13:03:36,940 [main] INFO  org.springframework.boot.test.context.SpringBootTestContextBootstrapper - Neither @ContextConfiguration nor @ContextHierarchy found for test class [visa.SREIntern.init.AlertRelayApplicationTests], using SpringBootContextLoader
2020-07-14 13:03:36,958 [main] INFO  org.springframework.test.context.support.AbstractContextLoader - Could not detect default resource locations for test class [visa.SREIntern.init.AlertRelayApplicationTests]: no resource found for suffixes {-context.xml, Context.groovy}.
2020-07-14 13:03:36,959 [main] INFO  org.springframework.test.context.support.AnnotationConfigContextLoaderUtils - Could not detect default configuration classes for test class [visa.SREIntern.init.AlertRelayApplicationTests]: AlertRelayApplicationTests does not declare any static, non-private, non-final, nested classes annotated with @Configuration.
2020-07-14 13:03:37,130 [main] INFO  org.springframework.boot.test.context.SpringBootTestContextBootstrapper - Found @SpringBootConfiguration visa.SREIntern.init.AlertRelayApplication for test class visa.SREIntern.init.AlertRelayApplicationTests
2020-07-14 13:03:37,394 [main] INFO  org.springframework.boot.test.context.SpringBootTestContextBootstrapper - Loaded default TestExecutionListener class names from location [META-INF/spring.factories]: [org.springframework.boot.test.mock.mockito.MockitoTestExecutionListener, org.springframework.boot.test.mock.mockito.ResetMocksTestExecutionListener, org.springframework.boot.test.autoconfigure.restdocs.RestDocsTestExecutionListener, org.springframework.boot.test.autoconfigure.web.client.MockRestServiceServerResetTestExecutionListener, org.springframework.boot.test.autoconfigure.web.servlet.MockMvcPrintOnlyOnFailureTestExecutionListener, org.springframework.boot.test.autoconfigure.web.servlet.WebDriverTestExecutionListener, org.springframework.boot.test.autoconfigure.webservices.client.MockWebServiceServerTestExecutionListener, org.springframework.test.context.web.ServletTestExecutionListener, org.springframework.test.context.support.DirtiesContextBeforeModesTestExecutionListener, org.springframework.test.context.support.DependencyInjectionTestExecutionListener, org.springframework.test.context.support.DirtiesContextTestExecutionListener, org.springframework.test.context.transaction.TransactionalTestExecutionListener, org.springframework.test.context.jdbc.SqlScriptsTestExecutionListener, org.springframework.test.context.event.EventPublishingTestExecutionListener]
2020-07-14 13:03:37,423 [main] INFO  org.springframework.boot.test.context.SpringBootTestContextBootstrapper - Using TestExecutionListeners: [org.springframework.test.context.web.ServletTestExecutionListener@6bab2585, org.springframework.test.context.support.DirtiesContextBeforeModesTestExecutionListener@74bdc168, org.springframework.boot.test.mock.mockito.MockitoTestExecutionListener@644c78d4, org.springframework.boot.test.autoconfigure.SpringBootDependencyInjectionTestExecutionListener@532a02d9, org.springframework.test.context.support.DirtiesContextTestExecutionListener@611f8234, org.springframework.test.context.transaction.TransactionalTestExecutionListener@7bb3a9fe, org.springframework.test.context.jdbc.SqlScriptsTestExecutionListener@7cbee484, org.springframework.test.context.event.EventPublishingTestExecutionListener@7f811d00, org.springframework.boot.test.mock.mockito.ResetMocksTestExecutionListener@62923ee6, org.springframework.boot.test.autoconfigure.restdocs.RestDocsTestExecutionListener@4089713, org.springframework.boot.test.autoconfigure.web.client.MockRestServiceServerResetTestExecutionListener@f19c9d2, org.springframework.boot.test.autoconfigure.web.servlet.MockMvcPrintOnlyOnFailureTestExecutionListener@7807ac2c, org.springframework.boot.test.autoconfigure.web.servlet.WebDriverTestExecutionListener@b91d8c4, org.springframework.boot.test.autoconfigure.webservices.client.MockWebServiceServerTestExecutionListener@4b6166aa]
2020-07-14 13:03:37,985 [main] INFO  visa.SREIntern.init.AlertRelayApplicationTests - Starting AlertRelayApplicationTests on Jannies-MacBook-Pro.local with PID 27347 (started by janniezhong in /Users/janniezhong/IdeaProjects/spring-alert-relay)
2020-07-14 13:03:37,989 [main] INFO  visa.SREIntern.init.AlertRelayApplicationTests - No active profile set, falling back to default profiles: default
2020-07-14 13:03:39,633 [main] INFO  org.springframework.data.repository.config.RepositoryConfigurationDelegate - Bootstrapping Spring Data JPA repositories in DEFERRED mode.
2020-07-14 13:03:39,679 [main] INFO  org.springframework.data.repository.config.RepositoryConfigurationDelegate - Finished Spring Data repository scanning in 19ms. Found 0 JPA repository interfaces.
2020-07-14 13:03:41,618 [main] INFO  org.springframework.scheduling.concurrent.ThreadPoolTaskExecutor - Initializing ExecutorService 'applicationTaskExecutor'
2020-07-14 13:03:41,670 [main] INFO  com.zaxxer.hikari.HikariDataSource - HikariPool-1 - Starting...
2020-07-14 13:03:43,216 [main] INFO  com.zaxxer.hikari.HikariDataSource - HikariPool-1 - Start completed.
2020-07-14 13:03:44,172 [task-1] INFO  org.hibernate.Version - HHH000412: Hibernate ORM core version 5.4.15.Final
2020-07-14 13:03:45,295 [task-1] INFO  org.hibernate.annotations.common.Version - HCANN000001: Hibernate Commons Annotations {5.1.0.Final}
2020-07-14 13:03:46,294 [main] WARN  org.springframework.boot.autoconfigure.orm.jpa.JpaBaseConfiguration$JpaWebConfiguration - spring.jpa.open-in-view is enabled by default. Therefore, database queries may be performed during view rendering. Explicitly configure spring.jpa.open-in-view to disable this warning
2020-07-14 13:03:46,346 [task-1] INFO  org.hibernate.dialect.Dialect - HHH000400: Using dialect: org.hibernate.dialect.H2Dialect
2020-07-14 13:03:47,834 [task-1] INFO  org.hibernate.engine.transaction.jta.platform.internal.JtaPlatformInitiator - HHH000490: Using JtaPlatform implementation: [org.hibernate.engine.transaction.jta.platform.internal.NoJtaPlatform]
2020-07-14 13:03:47,883 [task-1] INFO  org.springframework.orm.jpa.LocalContainerEntityManagerFactoryBean - Initialized JPA EntityManagerFactory for persistence unit 'default'
2020-07-14 13:03:49,914 [main] INFO  org.springframework.data.repository.config.DeferredRepositoryInitializationListener - Triggering deferred initialization of Spring Data repositories…
2020-07-14 13:03:49,915 [main] INFO  org.springframework.data.repository.config.DeferredRepositoryInitializationListener - Spring Data repositories initialized!
2020-07-14 13:03:49,972 [main] INFO  visa.SREIntern.init.AlertRelayApplicationTests - Started AlertRelayApplicationTests in 12.465 seconds (JVM running for 15.085)
2020-07-14 13:03:51,215 [SpringContextShutdownHook] INFO  org.springframework.orm.jpa.LocalContainerEntityManagerFactoryBean - Closing JPA EntityManagerFactory for persistence unit 'default'
2020-07-14 13:03:51,218 [SpringContextShutdownHook] INFO  org.hibernate.tool.schema.internal.SchemaDropperImpl$DelayedDropActionImpl - HHH000477: Starting delayed evictData of schema as part of SessionFactory shut-down'
2020-07-14 13:03:51,230 [SpringContextShutdownHook] INFO  org.springframework.scheduling.concurrent.ThreadPoolTaskExecutor - Shutting down ExecutorService 'applicationTaskExecutor'
2020-07-14 13:03:51,232 [SpringContextShutdownHook] INFO  com.zaxxer.hikari.HikariDataSource - HikariPool-1 - Shutdown initiated...
2020-07-14 13:03:51,239 [SpringContextShutdownHook] INFO  com.zaxxer.hikari.HikariDataSource - HikariPool-1 - Shutdown completed.
2020-07-14 13:38:20,463 [main] INFO  visa.SREIntern.init.AlertRelayApplication - Starting AlertRelayApplication on Jannies-MacBook-Pro.local with PID 27766 (/Users/janniezhong/IdeaProjects/spring-alert-relay/target/classes started by janniezhong in /Users/janniezhong/IdeaProjects/spring-alert-relay)
2020-07-14 13:38:20,471 [main] INFO  visa.SREIntern.init.AlertRelayApplication - No active profile set, falling back to default profiles: default
2020-07-14 13:38:22,316 [main] INFO  org.springframework.data.repository.config.RepositoryConfigurationDelegate - Bootstrapping Spring Data JPA repositories in DEFERRED mode.
2020-07-14 13:38:22,359 [main] INFO  org.springframework.data.repository.config.RepositoryConfigurationDelegate - Finished Spring Data repository scanning in 14ms. Found 0 JPA repository interfaces.
2020-07-14 13:38:23,182 [main] INFO  org.springframework.boot.web.embedded.tomcat.TomcatWebServer - Tomcat initialized with port(s): 8080 (http)
2020-07-14 13:38:23,198 [main] INFO  org.apache.coyote.http11.Http11NioProtocol - Initializing ProtocolHandler ["http-nio-8080"]
2020-07-14 13:38:23,199 [main] INFO  org.apache.catalina.core.StandardService - Starting service [Tomcat]
2020-07-14 13:38:23,199 [main] INFO  org.apache.catalina.core.StandardEngine - Starting Servlet engine: [Apache Tomcat/9.0.35]
2020-07-14 13:38:23,361 [main] INFO  org.apache.catalina.core.ContainerBase.[Tomcat].[localhost].[/] - Initializing Spring embedded WebApplicationContext
2020-07-14 13:38:23,362 [main] INFO  org.springframework.web.context.ContextLoader - Root WebApplicationContext: initialization completed in 2791 ms
2020-07-14 13:38:23,561 [main] INFO  org.springframework.scheduling.concurrent.ThreadPoolTaskExecutor - Initializing ExecutorService 'applicationTaskExecutor'
2020-07-14 13:38:23,576 [main] INFO  com.zaxxer.hikari.HikariDataSource - HikariPool-1 - Starting...
2020-07-14 13:38:23,802 [main] INFO  com.zaxxer.hikari.HikariDataSource - HikariPool-1 - Start completed.
2020-07-14 13:38:24,052 [task-1] INFO  org.hibernate.Version - HHH000412: Hibernate ORM core version 5.4.15.Final
2020-07-14 13:38:24,269 [main] WARN  org.springframework.boot.autoconfigure.orm.jpa.JpaBaseConfiguration$JpaWebConfiguration - spring.jpa.open-in-view is enabled by default. Therefore, database queries may be performed during view rendering. Explicitly configure spring.jpa.open-in-view to disable this warning
2020-07-14 13:38:24,307 [task-1] INFO  org.hibernate.annotations.common.Version - HCANN000001: Hibernate Commons Annotations {5.1.0.Final}
2020-07-14 13:38:24,517 [task-1] INFO  org.hibernate.dialect.Dialect - HHH000400: Using dialect: org.hibernate.dialect.H2Dialect
2020-07-14 13:38:24,984 [main] INFO  org.apache.coyote.http11.Http11NioProtocol - Starting ProtocolHandler ["http-nio-8080"]
2020-07-14 13:38:24,987 [task-1] INFO  org.hibernate.engine.transaction.jta.platform.internal.JtaPlatformInitiator - HHH000490: Using JtaPlatform implementation: [org.hibernate.engine.transaction.jta.platform.internal.NoJtaPlatform]
2020-07-14 13:38:25,031 [task-1] INFO  org.springframework.orm.jpa.LocalContainerEntityManagerFactoryBean - Initialized JPA EntityManagerFactory for persistence unit 'default'
2020-07-14 13:38:25,082 [main] INFO  org.springframework.boot.web.embedded.tomcat.TomcatWebServer - Tomcat started on port(s): 8080 (http) with context path ''
2020-07-14 13:38:25,083 [main] INFO  org.springframework.data.repository.config.DeferredRepositoryInitializationListener - Triggering deferred initialization of Spring Data repositories…
2020-07-14 13:38:25,084 [main] INFO  org.springframework.data.repository.config.DeferredRepositoryInitializationListener - Spring Data repositories initialized!
2020-07-14 13:38:25,121 [main] INFO  visa.SREIntern.init.AlertRelayApplication - Started AlertRelayApplication in 5.788 seconds (JVM running for 8.882)
2020-07-14 13:38:29,405 [http-nio-8080-exec-1] INFO  org.apache.catalina.core.ContainerBase.[Tomcat].[localhost].[/] - Initializing Spring DispatcherServlet 'dispatcherServlet'
2020-07-14 13:38:29,405 [http-nio-8080-exec-1] INFO  org.springframework.web.servlet.DispatcherServlet - Initializing Servlet 'dispatcherServlet'
2020-07-14 13:38:29,416 [http-nio-8080-exec-1] INFO  org.springframework.web.servlet.DispatcherServlet - Completed initialization in 11 ms
2020-07-14 13:38:29,561 [http-nio-8080-exec-1] INFO  visa.SREIntern.init.controllers.impl.RelayControllerImpl - Server request received. The JSON Object as a string: { "variables": { "foo": "bar", "baz": "qux" }, "test_id": "76598752-cbda-4e1d-820f-6274a62f74ff", "test_name": "Buckets Test", "test_run_id": "9c15aa62-21f0-48f2-a819-c99bdf8e4543", "team_id": "6b9c7f65-9e11-4f77-85ad-e6ee7a28232d", "team_name": "Acme Inc.", "environment_uuid": "98290cfc-a008-4ab7-9ea4-8906f12b228f", "environment_name": "Staging Settings", "bucket_name": "Rocket Sled", "bucket_key": "", "test_url": "https://www.runscope.com/radar//76598752-cbda-4e1d-820f-6274a62f74ff", "test_run_url": "https://www.runscope.com/radar//76598752-cbda-4e1d-820f-6274a62f74ff/results/9c15aa62-21f0-48f2-a819-c99bdf8e4543", "trigger_url": "https://api.runscope.com/radar/09039249-fdfd-4e1d-820f-6274a62f74ff/trigger", "result": "fail", "started_at": 1384281308.548077, "finished_at": 1384281310.680218, "agent": null, "agent_expired": null, "region": "us1", "region_name": "US East - Northern Virginia", "initial_variables": {}, "requests": [{ "step_type": "request", "url": "https://api.runscope.com/", "variables": { "fail": 0, "total": 1, "pass": 1 }, "assertions": { "fail": 0, "total": 2, "pass": 2 }, "scripts": { "fail": 0, "total": 1, "pass": 1 }, "result": "pass", "method": "GET", "response_time_ms": 123, "response_size_bytes": 2048, "response_status_code": 200, "note": "Root URL" }] }
2020-07-14 13:38:29,564 [http-nio-8080-exec-1] INFO  visa.SREIntern.init.controllers.impl.RelayControllerImpl - JSONObject created successfully.
2020-07-14 13:38:29,565 [http-nio-8080-exec-1] INFO  visa.SREIntern.init.generators.IdGenerator - Unique id for alert generated: 5947591095650000
2020-07-14 13:38:29,566 [http-nio-8080-exec-1] INFO  visa.SREIntern.init.controllers.impl.RelayControllerImpl - Input object returned. Content: Input {alert_id=5947591095650000, category='null', component='null', priority='P5', alert_source='Runscope', alert_time=1970-01-16 16:31:21.308, alert_title='Buckets Test', results_link='https://www.runscope.com/radar//76598752-cbda-4e1d-820f-6274a62f74ff/results/9c15aa62-21f0-48f2-a819-c99bdf8e4543', error_count=0.0}
2020-07-14 13:38:30,596 [http-nio-8080-exec-1] INFO  visa.SREIntern.init.storage.InputJDBCTemplate - Database entry successful, with no errors. Input was: MapSqlParameterSource {v_alert_id=5947591095650000, v_category=category, v_component=component, v_priority=P5, v_source=Runscope, v_alert_time=1970-01-16 16:31:21.308, v_title=Buckets Test, v_link=https://www.runscope.com/radar//76598752-cbda-4e1d-820f-6274a62f74ff/results/9c15aa62-21f0-48f2-a819-c99bdf8e4543, v_result_count=0.0}
2020-07-14 13:38:30,669 [http-nio-8080-exec-1] INFO  visa.SREIntern.init.controllers.impl.RelayControllerImpl - Server response: "<200 OK OK,Input success. Input {alert_id=5947591095650000, category='category', component='component', priority='P5', alert_source='Runscope', alert_time=1970-01-16 16:31:21.308, alert_title='Buckets Test', results_link='https://www.runscope.com/radar//76598752-cbda-4e1d-820f-6274a62f74ff/results/9c15aa62-21f0-48f2-a819-c99bdf8e4543', error_count=0.0}
,[]>"
2020-07-14 14:41:54,204 [SpringContextShutdownHook] INFO  org.springframework.orm.jpa.LocalContainerEntityManagerFactoryBean - Closing JPA EntityManagerFactory for persistence unit 'default'
